<?xml version="1.0" encoding="UTF-8" ?>
<testsuite 
errors="0" failures="0" hostname="liush.local" name="org.apache.spark.streaming.kinesis.KinesisCheckpointerSuite" tests="7" time="0.33" timestamp="2017-09-19T08:29:06">
  <properties>
    <property name="java.runtime.name" value="Java(TM) SE Runtime Environment">
    </property>
    <property 
    name="sun.boot.library.path" value="/Library/Java/JavaVirtualMachines/jdk1.8.0_51.jdk/Contents/Home/jre/lib">
</property>
    <property name="java.vm.version" value="25.51-b03"> </property>
    <property name="gopherProxySet" value="false"> </property>
    <property name="java.vm.vendor" value="Oracle Corporation"> </property>
    <property name="java.vendor.url" value="http://java.oracle.com/">
    </property>
    <property name="path.separator" value=":"> </property>
    <property name="java.vm.name" value="Java HotSpot(TM) 64-Bit Server VM">
    </property>
    <property name="file.encoding.pkg" value="sun.io"> </property>
    <property name="user.country" value="CN"> </property>
    <property name="sun.java.launcher" value="SUN_STANDARD"> </property>
    <property name="sun.os.patch.level" value="unknown"> </property>
    <property 
    name="java.vm.specification.name" value="Java Virtual Machine Specification">
</property>
    <property 
    name="user.dir" value="/Users/apple/Documents/idea/workspace/spark/external/kinesis-asl">
</property>
    <property name="java.runtime.version" value="1.8.0_51-b16"> </property>
    <property name="spark.ui.enabled" value="false"> </property>
    <property name="java.awt.graphicsenv" value="sun.awt.CGraphicsEnvironment">
    </property>
    <property 
    name="basedir" value="/Users/apple/Documents/idea/workspace/spark/external/kinesis-asl">
</property>
    <property 
    name="java.endorsed.dirs" value="/Library/Java/JavaVirtualMachines/jdk1.8.0_51.jdk/Contents/Home/jre/lib/endorsed">
</property>
    <property name="os.arch" value="x86_64"> </property>
    <property 
    name="java.io.tmpdir" value="/Users/apple/Documents/idea/workspace/spark/external/kinesis-asl/target/tmp">
</property>
    <property name="derby.system.durability" value="test"> </property>
    <property name="line.separator" value=" "> </property>
    <property name="java.vm.specification.vendor" value="Oracle Corporation">
    </property>
    <property name="os.name" value="Mac OS X"> </property>
    <property 
    name="log4j.configuration" value="file:src/test/resources/log4j.properties">
</property>
    <property name="sun.jnu.encoding" value="UTF-8"> </property>
    <property name="spark.ui.showConsoleProgress" value="false"> </property>
    <property 
    name="java.library.path" value="/Users/apple/Library/Java/Extensions:/Library/Java/Extensions:/Network/Library/Java/Extensions:/System/Library/Java/Extensions:/usr/lib/java:.">
</property>
    <property 
    name="java.specification.name" value="Java Platform API Specification">
</property>
    <property name="java.class.version" value="52.0"> </property>
    <property 
    name="sun.management.compiler" value="HotSpot 64-Bit Tiered Compilers">
</property>
    <property name="os.version" value="10.12.6"> </property>
    <property 
    name="http.nonProxyHosts" value="local|*.local|169.254/16|*.169.254/16">
</property>
    <property name="user.home" value="/Users/apple"> </property>
    <property name="user.timezone" value="Asia/Shanghai"> </property>
    <property name="java.awt.printerjob" value="sun.lwawt.macosx.CPrinterJob">
    </property>
    <property name="java.specification.version" value="1.8"> </property>
    <property name="file.encoding" value="UTF-8"> </property>
    <property name="spark.testing" value="1"> </property>
    <property name="user.name" value="liush"> </property>
    <property 
    name="java.class.path" value="/Users/apple/Documents/idea/workspace/spark/external/kinesis-asl/target/scala-2.11/test-classes:/Users/apple/Documents/idea/workspace/spark/external/kinesis-asl/target/scala-2.11/classes:/Users/apple/.m2/repository/org/apache/spark/spark-streaming_2.11/2.3.0-SNAPSHOT/spark-streaming_2.11-2.3.0-SNAPSHOT.jar:/Users/apple/.m2/repository/org/apache/spark/spark-core_2.11/2.3.0-SNAPSHOT/spark-core_2.11-2.3.0-SNAPSHOT.jar:/Users/apple/.m2/repository/org/scala-lang/scala-library/2.11.8/scala-library-2.11.8.jar:/Users/apple/.m2/repository/org/apache/spark/spark-core_2.11/2.3.0-SNAPSHOT/spark-core_2.11-2.3.0-SNAPSHOT-tests.jar:/Users/apple/.m2/repository/org/apache/avro/avro/1.7.7/avro-1.7.7.jar:/Users/apple/.m2/repository/org/codehaus/jackson/jackson-core-asl/1.9.13/jackson-core-asl-1.9.13.jar:/Users/apple/.m2/repository/org/codehaus/jackson/jackson-mapper-asl/1.9.13/jackson-mapper-asl-1.9.13.jar:/Users/apple/.m2/repository/com/thoughtworks/paranamer/paranamer/2.6/paranamer-2.6.jar:/Users/apple/.m2/repository/org/apache/commons/commons-compress/1.4.1/commons-compress-1.4.1.jar:/Users/apple/.m2/repository/org/tukaani/xz/1.0/xz-1.0.jar:/Users/apple/.m2/repository/org/apache/avro/avro-mapred/1.7.7/avro-mapred-1.7.7-hadoop2.jar:/Users/apple/.m2/repository/org/apache/avro/avro-ipc/1.7.7/avro-ipc-1.7.7.jar:/Users/apple/.m2/repository/org/apache/avro/avro-ipc/1.7.7/avro-ipc-1.7.7-tests.jar:/Users/apple/.m2/repository/com/twitter/chill_2.11/0.8.4/chill_2.11-0.8.4.jar:/Users/apple/.m2/repository/com/esotericsoftware/kryo-shaded/3.0.3/kryo-shaded-3.0.3.jar:/Users/apple/.m2/repository/com/esotericsoftware/minlog/1.3.0/minlog-1.3.0.jar:/Users/apple/.m2/repository/com/twitter/chill-java/0.8.4/chill-java-0.8.4.jar:/Users/apple/.m2/repository/org/apache/xbean/xbean-asm5-shaded/4.4/xbean-asm5-shaded-4.4.jar:/Users/apple/.m2/repository/org/apache/hadoop/hadoop-client/2.6.5/hadoop-client-2.6.5.jar:/Users/apple/.m2/repository/org/apache/hadoop/hadoop-common/2.6.5/hadoop-common-2.6.5.jar:/Users/apple/.m2/repository/commons-cli/commons-cli/1.2/commons-cli-1.2.jar:/Users/apple/.m2/repository/xmlenc/xmlenc/0.52/xmlenc-0.52.jar:/Users/apple/.m2/repository/commons-httpclient/commons-httpclient/3.1/commons-httpclient-3.1.jar:/Users/apple/.m2/repository/commons-collections/commons-collections/3.2.2/commons-collections-3.2.2.jar:/Users/apple/.m2/repository/commons-configuration/commons-configuration/1.6/commons-configuration-1.6.jar:/Users/apple/.m2/repository/commons-digester/commons-digester/1.8/commons-digester-1.8.jar:/Users/apple/.m2/repository/commons-beanutils/commons-beanutils/1.7.0/commons-beanutils-1.7.0.jar:/Users/apple/.m2/repository/commons-beanutils/commons-beanutils-core/1.8.0/commons-beanutils-core-1.8.0.jar:/Users/apple/.m2/repository/com/google/code/gson/gson/2.2.4/gson-2.2.4.jar:/Users/apple/.m2/repository/org/apache/hadoop/hadoop-auth/2.6.5/hadoop-auth-2.6.5.jar:/Users/apple/.m2/repository/org/apache/directory/server/apacheds-kerberos-codec/2.0.0-M15/apacheds-kerberos-codec-2.0.0-M15.jar:/Users/apple/.m2/repository/org/apache/directory/server/apacheds-i18n/2.0.0-M15/apacheds-i18n-2.0.0-M15.jar:/Users/apple/.m2/repository/org/apache/directory/api/api-asn1-api/1.0.0-M20/api-asn1-api-1.0.0-M20.jar:/Users/apple/.m2/repository/org/apache/directory/api/api-util/1.0.0-M20/api-util-1.0.0-M20.jar:/Users/apple/.m2/repository/org/apache/curator/curator-client/2.6.0/curator-client-2.6.0.jar:/Users/apple/.m2/repository/org/htrace/htrace-core/3.0.4/htrace-core-3.0.4.jar:/Users/apple/.m2/repository/org/apache/hadoop/hadoop-hdfs/2.6.5/hadoop-hdfs-2.6.5.jar:/Users/apple/.m2/repository/org/mortbay/jetty/jetty-util/6.1.26/jetty-util-6.1.26.jar:/Users/apple/.m2/repository/xerces/xercesImpl/2.9.1/xercesImpl-2.9.1.jar:/Users/apple/.m2/repository/xml-apis/xml-apis/1.4.01/xml-apis-1.4.01.jar:/Users/apple/.m2/repository/org/apache/hadoop/hadoop-mapreduce-client-app/2.6.5/hadoop-mapreduce-client-app-2.6.5.jar:/Users/apple/.m2/repository/org/apache/hadoop/hadoop-mapreduce-client-common/2.6.5/hadoop-mapreduce-client-common-2.6.5.jar:/Users/apple/.m2/repository/org/apache/hadoop/hadoop-yarn-client/2.6.5/hadoop-yarn-client-2.6.5.jar:/Users/apple/.m2/repository/org/apache/hadoop/hadoop-yarn-server-common/2.6.5/hadoop-yarn-server-common-2.6.5.jar:/Users/apple/.m2/repository/org/apache/hadoop/hadoop-mapreduce-client-shuffle/2.6.5/hadoop-mapreduce-client-shuffle-2.6.5.jar:/Users/apple/.m2/repository/org/apache/hadoop/hadoop-yarn-api/2.6.5/hadoop-yarn-api-2.6.5.jar:/Users/apple/.m2/repository/org/apache/hadoop/hadoop-mapreduce-client-core/2.6.5/hadoop-mapreduce-client-core-2.6.5.jar:/Users/apple/.m2/repository/org/apache/hadoop/hadoop-yarn-common/2.6.5/hadoop-yarn-common-2.6.5.jar:/Users/apple/.m2/repository/javax/xml/bind/jaxb-api/2.2.2/jaxb-api-2.2.2.jar:/Users/apple/.m2/repository/javax/xml/stream/stax-api/1.0-2/stax-api-1.0-2.jar:/Users/apple/.m2/repository/org/codehaus/jackson/jackson-jaxrs/1.9.13/jackson-jaxrs-1.9.13.jar:/Users/apple/.m2/repository/org/codehaus/jackson/jackson-xc/1.9.13/jackson-xc-1.9.13.jar:/Users/apple/.m2/repository/org/apache/hadoop/hadoop-mapreduce-client-jobclient/2.6.5/hadoop-mapreduce-client-jobclient-2.6.5.jar:/Users/apple/.m2/repository/org/apache/hadoop/hadoop-annotations/2.6.5/hadoop-annotations-2.6.5.jar:/Users/apple/.m2/repository/org/apache/spark/spark-launcher_2.11/2.3.0-SNAPSHOT/spark-launcher_2.11-2.3.0-SNAPSHOT.jar:/Users/apple/.m2/repository/org/apache/spark/spark-network-common_2.11/2.3.0-SNAPSHOT/spark-network-common_2.11-2.3.0-SNAPSHOT.jar:/Users/apple/.m2/repository/org/fusesource/leveldbjni/leveldbjni-all/1.8/leveldbjni-all-1.8.jar:/Users/apple/.m2/repository/com/fasterxml/jackson/core/jackson-annotations/2.6.7/jackson-annotations-2.6.7.jar:/Users/apple/.m2/repository/org/apache/spark/spark-network-shuffle_2.11/2.3.0-SNAPSHOT/spark-network-shuffle_2.11-2.3.0-SNAPSHOT.jar:/Users/apple/.m2/repository/org/apache/spark/spark-unsafe_2.11/2.3.0-SNAPSHOT/spark-unsafe_2.11-2.3.0-SNAPSHOT.jar:/Users/apple/.m2/repository/net/java/dev/jets3t/jets3t/0.9.3/jets3t-0.9.3.jar:/Users/apple/.m2/repository/org/apache/httpcomponents/httpcore/4.4.4/httpcore-4.4.4.jar:/Users/apple/.m2/repository/org/apache/httpcomponents/httpclient/4.5.2/httpclient-4.5.2.jar:/Users/apple/.m2/repository/commons-codec/commons-codec/1.10/commons-codec-1.10.jar:/Users/apple/.m2/repository/javax/activation/activation/1.1.1/activation-1.1.1.jar:/Users/apple/.m2/repository/mx4j/mx4j/3.0.2/mx4j-3.0.2.jar:/Users/apple/.m2/repository/javax/mail/mail/1.4.7/mail-1.4.7.jar:/Users/apple/.m2/repository/org/bouncycastle/bcprov-jdk15on/1.51/bcprov-jdk15on-1.51.jar:/Users/apple/.m2/repository/com/jamesmurty/utils/java-xmlbuilder/1.0/java-xmlbuilder-1.0.jar:/Users/apple/.m2/repository/net/iharder/base64/2.3.8/base64-2.3.8.jar:/Users/apple/.m2/repository/org/apache/curator/curator-recipes/2.6.0/curator-recipes-2.6.0.jar:/Users/apple/.m2/repository/org/apache/curator/curator-framework/2.6.0/curator-framework-2.6.0.jar:/Users/apple/.m2/repository/org/apache/zookeeper/zookeeper/3.4.6/zookeeper-3.4.6.jar:/Users/apple/.m2/repository/javax/servlet/javax.servlet-api/3.1.0/javax.servlet-api-3.1.0.jar:/Users/apple/.m2/repository/org/apache/commons/commons-lang3/3.5/commons-lang3-3.5.jar:/Users/apple/.m2/repository/org/apache/commons/commons-math3/3.4.1/commons-math3-3.4.1.jar:/Users/apple/.m2/repository/com/google/code/findbugs/jsr305/1.3.9/jsr305-1.3.9.jar:/Users/apple/.m2/repository/org/slf4j/slf4j-api/1.7.16/slf4j-api-1.7.16.jar:/Users/apple/.m2/repository/org/slf4j/jul-to-slf4j/1.7.16/jul-to-slf4j-1.7.16.jar:/Users/apple/.m2/repository/org/slf4j/jcl-over-slf4j/1.7.16/jcl-over-slf4j-1.7.16.jar:/Users/apple/.m2/repository/log4j/log4j/1.2.17/log4j-1.2.17.jar:/Users/apple/.m2/repository/org/slf4j/slf4j-log4j12/1.7.16/slf4j-log4j12-1.7.16.jar:/Users/apple/.m2/repository/com/ning/compress-lzf/1.0.3/compress-lzf-1.0.3.jar:/Users/apple/.m2/repository/org/xerial/snappy/snappy-java/1.1.2.6/snappy-java-1.1.2.6.jar:/Users/apple/.m2/repository/org/lz4/lz4-java/1.4.0/lz4-java-1.4.0.jar:/Users/apple/.m2/repository/org/roaringbitmap/RoaringBitmap/0.5.11/RoaringBitmap-0.5.11.jar:/Users/apple/.m2/repository/commons-net/commons-net/2.2/commons-net-2.2.jar:/Users/apple/.m2/repository/org/json4s/json4s-jackson_2.11/3.2.11/json4s-jackson_2.11-3.2.11.jar:/Users/apple/.m2/repository/org/json4s/json4s-core_2.11/3.2.11/json4s-core_2.11-3.2.11.jar:/Users/apple/.m2/repository/org/json4s/json4s-ast_2.11/3.2.11/json4s-ast_2.11-3.2.11.jar:/Users/apple/.m2/repository/org/scala-lang/scalap/2.11.8/scalap-2.11.8.jar:/Users/apple/.m2/repository/org/scala-lang/scala-compiler/2.11.8/scala-compiler-2.11.8.jar:/Users/apple/.m2/repository/org/glassfish/jersey/core/jersey-client/2.22.2/jersey-client-2.22.2.jar:/Users/apple/.m2/repository/javax/ws/rs/javax.ws.rs-api/2.0.1/javax.ws.rs-api-2.0.1.jar:/Users/apple/.m2/repository/org/glassfish/hk2/hk2-api/2.4.0-b34/hk2-api-2.4.0-b34.jar:/Users/apple/.m2/repository/org/glassfish/hk2/hk2-utils/2.4.0-b34/hk2-utils-2.4.0-b34.jar:/Users/apple/.m2/repository/org/glassfish/hk2/external/aopalliance-repackaged/2.4.0-b34/aopalliance-repackaged-2.4.0-b34.jar:/Users/apple/.m2/repository/org/glassfish/hk2/external/javax.inject/2.4.0-b34/javax.inject-2.4.0-b34.jar:/Users/apple/.m2/repository/org/glassfish/hk2/hk2-locator/2.4.0-b34/hk2-locator-2.4.0-b34.jar:/Users/apple/.m2/repository/org/javassist/javassist/3.18.1-GA/javassist-3.18.1-GA.jar:/Users/apple/.m2/repository/org/glassfish/jersey/core/jersey-common/2.22.2/jersey-common-2.22.2.jar:/Users/apple/.m2/repository/javax/annotation/javax.annotation-api/1.2/javax.annotation-api-1.2.jar:/Users/apple/.m2/repository/org/glassfish/jersey/bundles/repackaged/jersey-guava/2.22.2/jersey-guava-2.22.2.jar:/Users/apple/.m2/repository/org/glassfish/hk2/osgi-resource-locator/1.0.1/osgi-resource-locator-1.0.1.jar:/Users/apple/.m2/repository/org/glassfish/jersey/core/jersey-server/2.22.2/jersey-server-2.22.2.jar:/Users/apple/.m2/repository/org/glassfish/jersey/media/jersey-media-jaxb/2.22.2/jersey-media-jaxb-2.22.2.jar:/Users/apple/.m2/repository/javax/validation/validation-api/1.1.0.Final/validation-api-1.1.0.Final.jar:/Users/apple/.m2/repository/org/glassfish/jersey/containers/jersey-container-servlet/2.22.2/jersey-container-servlet-2.22.2.jar:/Users/apple/.m2/repository/org/glassfish/jersey/containers/jersey-container-servlet-core/2.22.2/jersey-container-servlet-core-2.22.2.jar:/Users/apple/.m2/repository/io/netty/netty-all/4.0.47.Final/netty-all-4.0.47.Final.jar:/Users/apple/.m2/repository/io/netty/netty/3.9.9.Final/netty-3.9.9.Final.jar:/Users/apple/.m2/repository/com/clearspring/analytics/stream/2.7.0/stream-2.7.0.jar:/Users/apple/.m2/repository/io/dropwizard/metrics/metrics-core/3.1.2/metrics-core-3.1.2.jar:/Users/apple/.m2/repository/io/dropwizard/metrics/metrics-jvm/3.1.2/metrics-jvm-3.1.2.jar:/Users/apple/.m2/repository/io/dropwizard/metrics/metrics-json/3.1.2/metrics-json-3.1.2.jar:/Users/apple/.m2/repository/io/dropwizard/metrics/metrics-graphite/3.1.2/metrics-graphite-3.1.2.jar:/Users/apple/.m2/repository/com/fasterxml/jackson/core/jackson-databind/2.6.7.1/jackson-databind-2.6.7.1.jar:/Users/apple/.m2/repository/com/fasterxml/jackson/core/jackson-core/2.6.7/jackson-core-2.6.7.jar:/Users/apple/.m2/repository/com/fasterxml/jackson/module/jackson-module-scala_2.11/2.6.7.1/jackson-module-scala_2.11-2.6.7.1.jar:/Users/apple/.m2/repository/com/fasterxml/jackson/module/jackson-module-paranamer/2.6.7/jackson-module-paranamer-2.6.7.jar:/Users/apple/.m2/repository/org/apache/ivy/ivy/2.4.0/ivy-2.4.0.jar:/Users/apple/.m2/repository/oro/oro/2.0.8/oro-2.0.8.jar:/Users/apple/.m2/repository/net/razorvine/pyrolite/4.13/pyrolite-4.13.jar:/Users/apple/.m2/repository/net/sf/py4j/py4j/0.10.6/py4j-0.10.6.jar:/Users/apple/.m2/repository/org/apache/commons/commons-crypto/1.0.0/commons-crypto-1.0.0.jar:/Users/apple/.m2/repository/org/apache/spark/spark-streaming_2.11/2.3.0-SNAPSHOT/spark-streaming_2.11-2.3.0-SNAPSHOT-tests.jar:/Users/apple/.m2/repository/com/amazonaws/amazon-kinesis-client/1.7.3/amazon-kinesis-client-1.7.3.jar:/Users/apple/.m2/repository/com/amazonaws/aws-java-sdk-dynamodb/1.11.76/aws-java-sdk-dynamodb-1.11.76.jar:/Users/apple/.m2/repository/com/amazonaws/aws-java-sdk-s3/1.11.76/aws-java-sdk-s3-1.11.76.jar:/Users/apple/.m2/repository/com/amazonaws/aws-java-sdk-kms/1.11.76/aws-java-sdk-kms-1.11.76.jar:/Users/apple/.m2/repository/com/amazonaws/aws-java-sdk-kinesis/1.11.76/aws-java-sdk-kinesis-1.11.76.jar:/Users/apple/.m2/repository/com/amazonaws/aws-java-sdk-cloudwatch/1.11.76/aws-java-sdk-cloudwatch-1.11.76.jar:/Users/apple/.m2/repository/com/google/protobuf/protobuf-java/2.5.0/protobuf-java-2.5.0.jar:/Users/apple/.m2/repository/commons-lang/commons-lang/2.6/commons-lang-2.6.jar:/Users/apple/.m2/repository/commons-logging/commons-logging/1.1.3/commons-logging-1.1.3.jar:/Users/apple/.m2/repository/com/amazonaws/aws-java-sdk-sts/1.11.76/aws-java-sdk-sts-1.11.76.jar:/Users/apple/.m2/repository/com/amazonaws/aws-java-sdk-core/1.11.76/aws-java-sdk-core-1.11.76.jar:/Users/apple/.m2/repository/software/amazon/ion/ion-java/1.0.1/ion-java-1.0.1.jar:/Users/apple/.m2/repository/com/fasterxml/jackson/dataformat/jackson-dataformat-cbor/2.6.6/jackson-dataformat-cbor-2.6.6.jar:/Users/apple/.m2/repository/joda-time/joda-time/2.9.3/joda-time-2.9.3.jar:/Users/apple/.m2/repository/com/amazonaws/jmespath-java/1.11.76/jmespath-java-1.11.76.jar:/Users/apple/.m2/repository/com/amazonaws/amazon-kinesis-producer/0.10.2/amazon-kinesis-producer-0.10.2.jar:/Users/apple/.m2/repository/commons-io/commons-io/2.4/commons-io-2.4.jar:/Users/apple/.m2/repository/org/mockito/mockito-core/1.10.19/mockito-core-1.10.19.jar:/Users/apple/.m2/repository/org/hamcrest/hamcrest-core/1.3/hamcrest-core-1.3.jar:/Users/apple/.m2/repository/org/objenesis/objenesis/2.1/objenesis-2.1.jar:/Users/apple/.m2/repository/org/scalacheck/scalacheck_2.11/1.13.5/scalacheck_2.11-1.13.5.jar:/Users/apple/.m2/repository/org/scala-sbt/test-interface/1.0/test-interface-1.0.jar:/Users/apple/.m2/repository/org/apache/spark/spark-tags_2.11/2.3.0-SNAPSHOT/spark-tags_2.11-2.3.0-SNAPSHOT.jar:/Users/apple/.m2/repository/org/apache/spark/spark-tags_2.11/2.3.0-SNAPSHOT/spark-tags_2.11-2.3.0-SNAPSHOT-tests.jar:/Users/apple/.m2/repository/org/spark-project/spark/unused/1.0.0/unused-1.0.0.jar:/Users/apple/.m2/repository/org/scalatest/scalatest_2.11/3.0.3/scalatest_2.11-3.0.3.jar:/Users/apple/.m2/repository/org/scalactic/scalactic_2.11/3.0.3/scalactic_2.11-3.0.3.jar:/Users/apple/.m2/repository/org/scala-lang/scala-reflect/2.11.8/scala-reflect-2.11.8.jar:/Users/apple/.m2/repository/org/scala-lang/modules/scala-xml_2.11/1.0.5/scala-xml_2.11-1.0.5.jar:/Users/apple/.m2/repository/org/scala-lang/modules/scala-parser-combinators_2.11/1.0.4/scala-parser-combinators_2.11-1.0.4.jar:/Users/apple/.m2/repository/junit/junit/4.12/junit-4.12.jar:/Users/apple/.m2/repository/com/novocode/junit-interface/0.11/junit-interface-0.11.jar:/Users/apple/.m2/repository/com/google/guava/guava/14.0.1/guava-14.0.1.jar:/Users/apple/.m2/repository/org/jpmml/pmml-model/1.2.15/pmml-model-1.2.15.jar:/Users/apple/.m2/repository/org/jpmml/pmml-schema/1.2.15/pmml-schema-1.2.15.jar">
</property>
    <property name="java.vm.specification.version" value="1.8"> </property>
    <property name="sun.arch.data.model" value="64"> </property>
    <property 
    name="java.home" value="/Library/Java/JavaVirtualMachines/jdk1.8.0_51.jdk/Contents/Home/jre">
</property>
    <property 
    name="sun.java.command" value="org.scalatest.tools.Runner -R /Users/apple/Documents/idea/workspace/spark/external/kinesis-asl/target/scala-2.11/classes /Users/apple/Documents/idea/workspace/spark/external/kinesis-asl/target/scala-2.11/test-classes -o -f /Users/apple/Documents/idea/workspace/spark/external/kinesis-asl/target/surefire-reports/SparkTestSuite.txt -u /Users/apple/Documents/idea/workspace/spark/external/kinesis-asl/target/surefire-reports/.">
</property>
    <property name="java.specification.vendor" value="Oracle Corporation">
    </property>
    <property name="user.language" value="zh"> </property>
    <property name="awt.toolkit" value="sun.lwawt.macosx.LWCToolkit">
    </property>
    <property name="java.vm.info" value="mixed mode"> </property>
    <property name="java.version" value="1.8.0_51"> </property>
    <property 
    name="java.ext.dirs" value="/Users/apple/Library/Java/Extensions:/Library/Java/JavaVirtualMachines/jdk1.8.0_51.jdk/Contents/Home/jre/lib/ext:/Library/Java/Extensions:/Network/Library/Java/Extensions:/System/Library/Java/Extensions:/usr/lib/java">
</property>
    <property 
    name="sun.boot.class.path" value="/Library/Java/JavaVirtualMachines/jdk1.8.0_51.jdk/Contents/Home/jre/lib/resources.jar:/Library/Java/JavaVirtualMachines/jdk1.8.0_51.jdk/Contents/Home/jre/lib/rt.jar:/Library/Java/JavaVirtualMachines/jdk1.8.0_51.jdk/Contents/Home/jre/lib/sunrsasign.jar:/Library/Java/JavaVirtualMachines/jdk1.8.0_51.jdk/Contents/Home/jre/lib/jsse.jar:/Library/Java/JavaVirtualMachines/jdk1.8.0_51.jdk/Contents/Home/jre/lib/jce.jar:/Library/Java/JavaVirtualMachines/jdk1.8.0_51.jdk/Contents/Home/jre/lib/charsets.jar:/Library/Java/JavaVirtualMachines/jdk1.8.0_51.jdk/Contents/Home/jre/lib/jfr.jar:/Library/Java/JavaVirtualMachines/jdk1.8.0_51.jdk/Contents/Home/jre/classes">
</property>
    <property 
    name="spark.test.home" value="/Users/apple/Documents/idea/workspace/spark/external/kinesis-asl">
</property>
    <property name="java.vendor" value="Oracle Corporation"> </property>
    <property name="java.awt.headless" value="true"> </property>
    <property name="file.separator" value="/"> </property>
    <property 
    name="java.vendor.url.bug" value="http://bugreport.sun.com/bugreport/">
</property>
    <property name="spark.unsafe.exceptionOnMemoryLeak" value="true">
    </property>
    <property name="sun.cpu.endian" value="little"> </property>
    <property name="sun.io.unicode.encoding" value="UnicodeBig"> </property>
    <property 
    name="socksNonProxyHosts" value="local|*.local|169.254/16|*.169.254/16">
</property>
    <property 
    name="ftp.nonProxyHosts" value="local|*.local|169.254/16|*.169.254/16">
</property>
    <property name="test.src.tables" value="__not_used__"> </property>
    <property name="sun.cpu.isalist" value=""> </property>
  </properties>
  <testcase 
  name="checkpoint is not called twice for the same sequence number" classname="org.apache.spark.streaming.kinesis.KinesisCheckpointerSuite" time="0.012">
</testcase>
  <testcase 
  name="checkpoint is called after sequence number increases" classname="org.apache.spark.streaming.kinesis.KinesisCheckpointerSuite" time="0.002">
</testcase>
  <testcase 
  name="should checkpoint if we have exceeded the checkpoint interval" classname="org.apache.spark.streaming.kinesis.KinesisCheckpointerSuite" time="0.008">
</testcase>
  <testcase 
  name="shouldn't checkpoint if we have not exceeded the checkpoint interval" classname="org.apache.spark.streaming.kinesis.KinesisCheckpointerSuite" time="0.001">
</testcase>
  <testcase 
  name="should not checkpoint for the same sequence number" classname="org.apache.spark.streaming.kinesis.KinesisCheckpointerSuite" time="0.015">
</testcase>
  <testcase 
  name="removing checkpointer checkpoints one last time" classname="org.apache.spark.streaming.kinesis.KinesisCheckpointerSuite" time="0.002">
</testcase>
  <testcase 
  name="if checkpointing is going on, wait until finished before removing and checkpointing" classname="org.apache.spark.streaming.kinesis.KinesisCheckpointerSuite" time="0.102">
</testcase>
  <system-out><![CDATA[]]></system-out>
  <system-err><![CDATA[]]></system-err>
</testsuite>
